<?xml version="1.0" encoding="UTF-8"?>
<!-- Generated by org.testng.reporters.JUnitReportReporter -->
<testsuite hostname="LIN24006872" failures="0" tests="3" name="com.cg.app.testcases.HomePageTest" time="15.119" errors="0" timestamp="24 Sep 2021 15:54:06 GMT" skipped="0">
  <testcase classname="com.cg.app.testcases.HomePageTest" name="verifyHomePageTitleTest" time="3.591"/>
  <testcase classname="com.cg.app.testcases.HomePageTest" name="verifyVaccineSlots" time="6.173"/>
  <testcase classname="com.cg.app.testcases.HomePageTest" name="verifyVaccineSlots" time="5.355"/>
</testsuite> <!-- com.cg.app.testcases.HomePageTest -->
