<?xml version="1.0" encoding="UTF-8"?>
<!-- Generated by org.testng.reporters.JUnitReportReporter -->
<testsuite hostname="LIN24006872" failures="0" tests="4" name="com.cg.app.testcases.HomePageTest" time="18.700" errors="0" timestamp="23 Sep 2021 13:43:54 GMT" skipped="0">
  <testcase classname="com.cg.app.testcases.HomePageTest" name="verifyHomePageTitleTest" time="2.870"/>
  <testcase classname="com.cg.app.testcases.HomePageTest" name="verifyVaccineSlots" time="6.404"/>
  <testcase classname="com.cg.app.testcases.HomePageTest" name="verifyVaccineSlots" time="4.730"/>
  <testcase classname="com.cg.app.testcases.HomePageTest" name="verifyVaccineSlots" time="4.696"/>
</testsuite> <!-- com.cg.app.testcases.HomePageTest -->
