<?xml version="1.0" encoding="UTF-8"?>
<!-- Generated by org.testng.reporters.JUnitReportReporter -->
<testsuite hostname="LIN24006872" failures="0" tests="4" name="com.cg.app.testcases.HomePageTest" time="43.757" errors="0" timestamp="29 Sep 2021 14:20:04 GMT" skipped="0">
  <testcase classname="com.cg.app.testcases.HomePageTest" name="verifyHomePageTitleTest" time="4.998"/>
  <testcase classname="com.cg.app.testcases.HomePageTest" name="verifyVaccineSlots" time="14.592"/>
  <testcase classname="com.cg.app.testcases.HomePageTest" name="verifyVaccineSlots" time="12.765"/>
  <testcase classname="com.cg.app.testcases.HomePageTest" name="verifyVaccineSlots" time="11.402"/>
</testsuite> <!-- com.cg.app.testcases.HomePageTest -->
