<?xml version="1.0" encoding="UTF-8"?>
<!-- Generated by org.testng.reporters.JUnitReportReporter -->
<testsuite hostname="LIN24006872" failures="0" tests="2" name="com.cg.app.testcases.HomePageTest" time="3.239" errors="0" timestamp="23 Sep 2021 13:29:52 GMT" skipped="1">
  <testcase classname="com.cg.app.testcases.HomePageTest" name="verifyHomePageTitleTest" time="3.239"/>
  <testcase classname="com.cg.app.testcases.HomePageTest" name="verifyVaccineSlots" time="0.000">
    <skipped/>
  </testcase> <!-- verifyVaccineSlots -->
</testsuite> <!-- com.cg.app.testcases.HomePageTest -->
